2026-01-26 16:18:44,955 [DEBUG] {"message": "Starting topology monitoring", "topologyId": {"$oid": "6977468c2edacccc4863c1df"}}
2026-01-26 16:18:44,955 [DEBUG] {"message": "Topology description changed", "topologyId": {"$oid": "6977468c2edacccc4863c1df"}, "previousDescription": "<TopologyDescription id: 6977468c2edacccc4863c1df, topology_type: Unknown, servers: []>", "newDescription": "<TopologyDescription id: 6977468c2edacccc4863c1df, topology_type: Unknown, servers: [<ServerDescription ('localhost', 27017) server_type: Unknown, rtt: None>]>"}
2026-01-26 16:18:44,955 [DEBUG] {"message": "Starting server monitoring", "topologyId": {"$oid": "6977468c2edacccc4863c1df"}, "serverHost": "localhost", "serverPort": 27017}
2026-01-26 16:18:44,956 [DEBUG] {"message": "Connection pool created", "clientId": {"$oid": "6977468c2edacccc4863c1df"}, "serverHost": "localhost", "serverPort": 27017}
2026-01-26 16:18:44,966 [DEBUG] {"message": "Server heartbeat started", "topologyId": {"$oid": "6977468c2edacccc4863c1df"}, "driverConnectionId": 1, "serverHost": "localhost", "serverPort": 27017, "awaited": false}
2026-01-26 16:18:44,968 [DEBUG] {"message": "Server heartbeat succeeded", "topologyId": {"$oid": "6977468c2edacccc4863c1df"}, "driverConnectionId": 1, "serverConnectionId": 321, "serverHost": "localhost", "serverPort": 27017, "awaited": false, "durationMS": 0.0, "reply": "{\"helloOk\": true, \"ismaster\": true, \"topologyVersion\": {\"processId\": {\"$oid\": \"6939a8eddce969134615ce70\"}}, \"maxBsonObjectSize\": 16777216, \"maxMessageSizeBytes\": 48000000, \"maxWriteBatchSize\": 100000, \"localTime\": {\"$date\": \"2026-01-26T10:48:44.968Z\"}, \"logicalSessionTimeoutMinutes\": 30, \"connectionId\": 321, \"maxWireVersion\": 25, \"ok\": 1.0}"}
2026-01-26 16:18:44,968 [DEBUG] {"message": "Connection pool ready", "clientId": {"$oid": "6977468c2edacccc4863c1df"}, "serverHost": "localhost", "serverPort": 27017}
2026-01-26 16:18:44,968 [DEBUG] {"message": "Topology description changed", "topologyId": {"$oid": "6977468c2edacccc4863c1df"}, "previousDescription": "<TopologyDescription id: 6977468c2edacccc4863c1df, topology_type: Unknown, servers: [<ServerDescription ('localhost', 27017) server_type: Unknown, rtt: None>]>", "newDescription": "<TopologyDescription id: 6977468c2edacccc4863c1df, topology_type: Single, servers: [<ServerDescription ('localhost', 27017) server_type: Standalone, rtt: 0.0>]>"}
2026-01-26 16:18:44,969 [DEBUG] {"message": "Server heartbeat started", "topologyId": {"$oid": "6977468c2edacccc4863c1df"}, "driverConnectionId": 1, "serverConnectionId": 321, "serverHost": "localhost", "serverPort": 27017, "awaited": true}
2026-01-26 16:18:48,995 [INFO] Application started successfully
2026-01-26 16:18:49,011 [WARNING]  * Debugger is active!
2026-01-26 16:18:49,018 [INFO]  * Debugger PIN: 137-241-189
2026-01-26 16:18:49,044 [INFO] Starting verification pipeline
2026-01-26 16:18:49,044 [DEBUG] Preprocessing image: C:\Users\batul\OneDrive\Desktop\MediCloud\ai_module\uploads\ce95c45067710fce7b1053c6130bb42d
2026-01-26 16:18:49,153 [DEBUG] Starting OCR
2026-01-26 16:18:54,975 [DEBUG] {"message": "Server heartbeat succeeded", "topologyId": {"$oid": "6977468c2edacccc4863c1df"}, "driverConnectionId": 1, "serverConnectionId": 321, "serverHost": "localhost", "serverPort": 27017, "awaited": true, "durationMS": 10015.999999828637, "reply": "{\"isWritablePrimary\": true, \"topologyVersion\": {\"processId\": {\"$oid\": \"6939a8eddce969134615ce70\"}}, \"maxBsonObjectSize\": 16777216, \"maxMessageSizeBytes\": 48000000, \"maxWriteBatchSize\": 100000, \"localTime\": {\"$date\": \"2026-01-26T10:48:54.975Z\"}, \"logicalSessionTimeoutMinutes\": 30, \"connectionId\": 321, \"maxWireVersion\": 25, \"ok\": 1.0}"}
2026-01-26 16:18:54,976 [DEBUG] {"message": "Server heartbeat started", "topologyId": {"$oid": "6977468c2edacccc4863c1df"}, "driverConnectionId": 1, "serverConnectionId": 321, "serverHost": "localhost", "serverPort": 27017, "awaited": true}
2026-01-26 16:19:04,993 [DEBUG] {"message": "Server heartbeat succeeded", "topologyId": {"$oid": "6977468c2edacccc4863c1df"}, "driverConnectionId": 1, "serverConnectionId": 321, "serverHost": "localhost", "serverPort": 27017, "awaited": true, "durationMS": 10015.000000130385, "reply": "{\"isWritablePrimary\": true, \"topologyVersion\": {\"processId\": {\"$oid\": \"6939a8eddce969134615ce70\"}}, \"maxBsonObjectSize\": 16777216, \"maxMessageSizeBytes\": 48000000, \"maxWriteBatchSize\": 100000, \"localTime\": {\"$date\": \"2026-01-26T10:49:04.993Z\"}, \"logicalSessionTimeoutMinutes\": 30, \"connectionId\": 321, \"maxWireVersion\": 25, \"ok\": 1.0}"}
2026-01-26 16:19:04,993 [DEBUG] {"message": "Server heartbeat started", "topologyId": {"$oid": "6977468c2edacccc4863c1df"}, "driverConnectionId": 1, "serverConnectionId": 321, "serverHost": "localhost", "serverPort": 27017, "awaited": true}
2026-01-26 16:19:05,380 [DEBUG] ['C:\\Program Files\\Tesseract-OCR\\tesseract.exe', 'C:\\Users\\batul\\AppData\\Local\\Temp\\tess_282k0yl6_input.JPEG', 'C:\\Users\\batul\\AppData\\Local\\Temp\\tess_282k0yl6', '-c', 'tessedit_create_tsv=1']
2026-01-26 16:19:06,886 [DEBUG] OCR confidence EasyOCR=nan, Tesseract=29.983739837398375
2026-01-26 16:19:06,888 [DEBUG] Detecting doctor name
2026-01-26 16:19:06,889 [DEBUG] {"message": "Server selection started", "selector": "Primary()", "operation": "find", "topologyDescription": "<TopologyDescription id: 6977468c2edacccc4863c1df, topology_type: Single, servers: [<ServerDescription ('localhost', 27017) server_type: Standalone, rtt: 0.0>]>", "clientId": {"$oid": "6977468c2edacccc4863c1df"}}
2026-01-26 16:19:06,889 [DEBUG] {"message": "Server selection succeeded", "selector": "Primary()", "operation": "find", "topologyDescription": "<TopologyDescription id: 6977468c2edacccc4863c1df, topology_type: Single, servers: [<ServerDescription ('localhost', 27017) server_type: Standalone, rtt: 0.0>]>", "clientId": {"$oid": "6977468c2edacccc4863c1df"}, "serverHost": "localhost", "serverPort": 27017}
2026-01-26 16:19:06,890 [DEBUG] {"message": "Connection checkout started", "clientId": {"$oid": "6977468c2edacccc4863c1df"}, "serverHost": "localhost", "serverPort": 27017}
2026-01-26 16:19:06,890 [DEBUG] {"message": "Connection created", "clientId": {"$oid": "6977468c2edacccc4863c1df"}, "serverHost": "localhost", "serverPort": 27017, "driverConnectionId": 1}
2026-01-26 16:19:06,929 [DEBUG] {"message": "Connection ready", "clientId": {"$oid": "6977468c2edacccc4863c1df"}, "serverHost": "localhost", "serverPort": 27017, "driverConnectionId": 1, "durationMS": 0.04700000025331974}
2026-01-26 16:19:06,930 [DEBUG] {"message": "Connection checked out", "clientId": {"$oid": "6977468c2edacccc4863c1df"}, "serverHost": "localhost", "serverPort": 27017, "driverConnectionId": 1, "durationMS": 0.04700000025331974}
2026-01-26 16:19:06,931 [DEBUG] {"message": "Command started", "clientId": {"$oid": "6977468c2edacccc4863c1df"}, "command": "{\"find\": \"doctors\", \"projection\": {\"name\": 1}, \"lsid\": {\"id\": {\"$binary\": {\"base64\": \"2RyijnAfSJ2lZbXdns8/OA==\", \"subType\": \"04\"}}}, \"$db\": \"medicloud\"}", "commandName": "find", "databaseName": "medicloud", "requestId": 18467, "operationId": 18467, "driverConnectionId": 1, "serverConnectionId": 323, "serverHost": "localhost", "serverPort": 27017}
2026-01-26 16:19:07,002 [DEBUG] {"message": "Command succeeded", "clientId": {"$oid": "6977468c2edacccc4863c1df"}, "durationMS": 70.813, "reply": "{\"cursor\": {\"ns\": \"medicloud.doctors\"}, \"ok\": 1.0}", "commandName": "find", "databaseName": "medicloud", "requestId": 18467, "operationId": 18467, "driverConnectionId": 1, "serverConnectionId": 323, "serverHost": "localhost", "serverPort": 27017}
2026-01-26 16:19:07,002 [DEBUG] {"message": "Connection checked in", "clientId": {"$oid": "6977468c2edacccc4863c1df"}, "serverHost": "localhost", "serverPort": 27017, "driverConnectionId": 1}
2026-01-26 16:19:07,003 [DEBUG] Running medical rules
2026-01-26 16:19:07,004 [DEBUG] Detecting signature
2026-01-26 16:19:07,053 [DEBUG] Signature extracted
2026-01-26 16:19:07,056 [DEBUG] Matching signature
2026-01-26 16:19:07,056 [DEBUG] {"message": "Server selection started", "selector": "Primary()", "operation": "find", "topologyDescription": "<TopologyDescription id: 6977468c2edacccc4863c1df, topology_type: Single, servers: [<ServerDescription ('localhost', 27017) server_type: Standalone, rtt: 0.0>]>", "clientId": {"$oid": "6977468c2edacccc4863c1df"}}
2026-01-26 16:19:07,057 [DEBUG] {"message": "Server selection succeeded", "selector": "Primary()", "operation": "find", "topologyDescription": "<TopologyDescription id: 6977468c2edacccc4863c1df, topology_type: Single, servers: [<ServerDescription ('localhost', 27017) server_type: Standalone, rtt: 0.0>]>", "clientId": {"$oid": "6977468c2edacccc4863c1df"}, "serverHost": "localhost", "serverPort": 27017}
2026-01-26 16:19:07,058 [DEBUG] {"message": "Connection checkout started", "clientId": {"$oid": "6977468c2edacccc4863c1df"}, "serverHost": "localhost", "serverPort": 27017}
2026-01-26 16:19:07,058 [DEBUG] {"message": "Connection checked out", "clientId": {"$oid": "6977468c2edacccc4863c1df"}, "serverHost": "localhost", "serverPort": 27017, "driverConnectionId": 1, "durationMS": 0.0}
2026-01-26 16:19:07,058 [DEBUG] {"message": "Command started", "clientId": {"$oid": "6977468c2edacccc4863c1df"}, "command": "{\"find\": \"doctors\", \"filter\": {\"doctor_id\": \"DR123\"}, \"limit\": 1, \"singleBatch\": true, \"lsid\": {\"id\": {\"$binary\": {\"base64\": \"2RyijnAfSJ2lZbXdns8/OA==\", \"subType\": \"04\"}}}, \"$db\": \"medicloud\"}", "commandName": "find", "databaseName": "medicloud", "requestId": 6334, "operationId": 6334, "driverConnectionId": 1, "serverConnectionId": 323, "serverHost": "localhost", "serverPort": 27017}
2026-01-26 16:19:07,062 [DEBUG] {"message": "Command succeeded", "clientId": {"$oid": "6977468c2edacccc4863c1df"}, "durationMS": 3.9899999999999998, "reply": "{\"cursor\": {\"ns\": \"medicloud.doctors\"}, \"ok\": 1.0}", "commandName": "find", "databaseName": "medicloud", "requestId": 6334, "operationId": 6334, "driverConnectionId": 1, "serverConnectionId": 323, "serverHost": "localhost", "serverPort": 27017}
2026-01-26 16:19:07,062 [DEBUG] {"message": "Connection checked in", "clientId": {"$oid": "6977468c2edacccc4863c1df"}, "serverHost": "localhost", "serverPort": 27017, "driverConnectionId": 1}
2026-01-26 16:19:07,062 [DEBUG] Doctor or signature not found in DB
2026-01-26 16:19:07,062 [INFO] Verification result: FAILED (37)
2026-01-26 16:19:07,063 [INFO] 127.0.0.1 - - [26/Jan/2026 16:19:07] "POST /api/verify-prescription HTTP/1.1" 200 -
2026-01-26 16:19:15,008 [DEBUG] {"message": "Server heartbeat succeeded", "topologyId": {"$oid": "6977468c2edacccc4863c1df"}, "driverConnectionId": 1, "serverConnectionId": 321, "serverHost": "localhost", "serverPort": 27017, "awaited": true, "durationMS": 10015.999999828637, "reply": "{\"isWritablePrimary\": true, \"topologyVersion\": {\"processId\": {\"$oid\": \"6939a8eddce969134615ce70\"}}, \"maxBsonObjectSize\": 16777216, \"maxMessageSizeBytes\": 48000000, \"maxWriteBatchSize\": 100000, \"localTime\": {\"$date\": \"2026-01-26T10:49:15.008Z\"}, \"logicalSessionTimeoutMinutes\": 30, \"connectionId\": 321, \"maxWireVersion\": 25, \"ok\": 1.0}"}
2026-01-26 16:19:15,009 [DEBUG] {"message": "Server heartbeat started", "topologyId": {"$oid": "6977468c2edacccc4863c1df"}, "driverConnectionId": 1, "serverConnectionId": 321, "serverHost": "localhost", "serverPort": 27017, "awaited": true}
2026-01-26 16:19:25,046 [DEBUG] {"message": "Server heartbeat succeeded", "topologyId": {"$oid": "6977468c2edacccc4863c1df"}, "driverConnectionId": 1, "serverConnectionId": 321, "serverHost": "localhost", "serverPort": 27017, "awaited": true, "durationMS": 10030.999999959022, "reply": "{\"isWritablePrimary\": true, \"topologyVersion\": {\"processId\": {\"$oid\": \"6939a8eddce969134615ce70\"}}, \"maxBsonObjectSize\": 16777216, \"maxMessageSizeBytes\": 48000000, \"maxWriteBatchSize\": 100000, \"localTime\": {\"$date\": \"2026-01-26T10:49:25.046Z\"}, \"logicalSessionTimeoutMinutes\": 30, \"connectionId\": 321, \"maxWireVersion\": 25, \"ok\": 1.0}"}
2026-01-26 16:19:25,046 [DEBUG] {"message": "Server heartbeat started", "topologyId": {"$oid": "6977468c2edacccc4863c1df"}, "driverConnectionId": 1, "serverConnectionId": 321, "serverHost": "localhost", "serverPort": 27017, "awaited": true}
2026-01-26 16:19:30,976 [INFO] Starting verification pipeline
2026-01-26 16:19:30,977 [DEBUG] Preprocessing image: C:\Users\batul\OneDrive\Desktop\MediCloud\ai_module\uploads\f3567dcc94b873173973e1ed486676a8
2026-01-26 16:19:31,103 [DEBUG] Starting OCR
2026-01-26 16:19:35,106 [DEBUG] {"message": "Server heartbeat succeeded", "topologyId": {"$oid": "6977468c2edacccc4863c1df"}, "driverConnectionId": 1, "serverConnectionId": 321, "serverHost": "localhost", "serverPort": 27017, "awaited": true, "durationMS": 10063.000000081956, "reply": "{\"isWritablePrimary\": true, \"topologyVersion\": {\"processId\": {\"$oid\": \"6939a8eddce969134615ce70\"}}, \"maxBsonObjectSize\": 16777216, \"maxMessageSizeBytes\": 48000000, \"maxWriteBatchSize\": 100000, \"localTime\": {\"$date\": \"2026-01-26T10:49:35.106Z\"}, \"logicalSessionTimeoutMinutes\": 30, \"connectionId\": 321, \"maxWireVersion\": 25, \"ok\": 1.0}"}
2026-01-26 16:19:35,107 [DEBUG] {"message": "Server heartbeat started", "topologyId": {"$oid": "6977468c2edacccc4863c1df"}, "driverConnectionId": 1, "serverConnectionId": 321, "serverHost": "localhost", "serverPort": 27017, "awaited": true}
2026-01-26 16:19:45,188 [DEBUG] {"message": "Server heartbeat succeeded", "topologyId": {"$oid": "6977468c2edacccc4863c1df"}, "driverConnectionId": 1, "serverConnectionId": 321, "serverHost": "localhost", "serverPort": 27017, "awaited": true, "durationMS": 10078.000000212342, "reply": "{\"isWritablePrimary\": true, \"topologyVersion\": {\"processId\": {\"$oid\": \"6939a8eddce969134615ce70\"}}, \"maxBsonObjectSize\": 16777216, \"maxMessageSizeBytes\": 48000000, \"maxWriteBatchSize\": 100000, \"localTime\": {\"$date\": \"2026-01-26T10:49:45.184Z\"}, \"logicalSessionTimeoutMinutes\": 30, \"connectionId\": 321, \"maxWireVersion\": 25, \"ok\": 1.0}"}
2026-01-26 16:19:45,189 [DEBUG] {"message": "Server heartbeat started", "topologyId": {"$oid": "6977468c2edacccc4863c1df"}, "driverConnectionId": 1, "serverConnectionId": 321, "serverHost": "localhost", "serverPort": 27017, "awaited": true}
2026-01-26 16:19:48,392 [DEBUG] ['C:\\Program Files\\Tesseract-OCR\\tesseract.exe', 'C:\\Users\\batul\\AppData\\Local\\Temp\\tess_d7hldi7w_input.JPEG', 'C:\\Users\\batul\\AppData\\Local\\Temp\\tess_d7hldi7w', '-c', 'tessedit_create_tsv=1']
2026-01-26 16:19:49,419 [DEBUG] OCR confidence EasyOCR=nan, Tesseract=29.983739837398375
2026-01-26 16:19:49,420 [DEBUG] Detecting doctor name
2026-01-26 16:19:49,420 [DEBUG] {"message": "Server selection started", "selector": "Primary()", "operation": "find", "topologyDescription": "<TopologyDescription id: 6977468c2edacccc4863c1df, topology_type: Single, servers: [<ServerDescription ('localhost', 27017) server_type: Standalone, rtt: 0.0>]>", "clientId": {"$oid": "6977468c2edacccc4863c1df"}}
2026-01-26 16:19:49,420 [DEBUG] {"message": "Server selection succeeded", "selector": "Primary()", "operation": "find", "topologyDescription": "<TopologyDescription id: 6977468c2edacccc4863c1df, topology_type: Single, servers: [<ServerDescription ('localhost', 27017) server_type: Standalone, rtt: 0.0>]>", "clientId": {"$oid": "6977468c2edacccc4863c1df"}, "serverHost": "localhost", "serverPort": 27017}
2026-01-26 16:19:49,420 [DEBUG] {"message": "Connection checkout started", "clientId": {"$oid": "6977468c2edacccc4863c1df"}, "serverHost": "localhost", "serverPort": 27017}
2026-01-26 16:19:49,421 [DEBUG] {"message": "Connection checked out", "clientId": {"$oid": "6977468c2edacccc4863c1df"}, "serverHost": "localhost", "serverPort": 27017, "driverConnectionId": 1, "durationMS": 0.0}
2026-01-26 16:19:49,421 [DEBUG] {"message": "Command started", "clientId": {"$oid": "6977468c2edacccc4863c1df"}, "command": "{\"find\": \"doctors\", \"projection\": {\"name\": 1}, \"lsid\": {\"id\": {\"$binary\": {\"base64\": \"2RyijnAfSJ2lZbXdns8/OA==\", \"subType\": \"04\"}}}, \"$db\": \"medicloud\"}", "commandName": "find", "databaseName": "medicloud", "requestId": 41, "operationId": 41, "driverConnectionId": 1, "serverConnectionId": 323, "serverHost": "localhost", "serverPort": 27017}
2026-01-26 16:19:49,422 [DEBUG] {"message": "Command succeeded", "clientId": {"$oid": "6977468c2edacccc4863c1df"}, "durationMS": 0.9970000000000001, "reply": "{\"cursor\": {\"ns\": \"medicloud.doctors\"}, \"ok\": 1.0}", "commandName": "find", "databaseName": "medicloud", "requestId": 41, "operationId": 41, "driverConnectionId": 1, "serverConnectionId": 323, "serverHost": "localhost", "serverPort": 27017}
2026-01-26 16:19:49,422 [DEBUG] {"message": "Connection checked in", "clientId": {"$oid": "6977468c2edacccc4863c1df"}, "serverHost": "localhost", "serverPort": 27017, "driverConnectionId": 1}
2026-01-26 16:19:49,422 [DEBUG] Running medical rules
2026-01-26 16:19:49,422 [DEBUG] Detecting signature
2026-01-26 16:19:49,451 [DEBUG] Signature extracted
2026-01-26 16:19:49,452 [DEBUG] Matching signature
2026-01-26 16:19:49,452 [DEBUG] {"message": "Server selection started", "selector": "Primary()", "operation": "find", "topologyDescription": "<TopologyDescription id: 6977468c2edacccc4863c1df, topology_type: Single, servers: [<ServerDescription ('localhost', 27017) server_type: Standalone, rtt: 0.0>]>", "clientId": {"$oid": "6977468c2edacccc4863c1df"}}
2026-01-26 16:19:49,453 [DEBUG] {"message": "Server selection succeeded", "selector": "Primary()", "operation": "find", "topologyDescription": "<TopologyDescription id: 6977468c2edacccc4863c1df, topology_type: Single, servers: [<ServerDescription ('localhost', 27017) server_type: Standalone, rtt: 0.0>]>", "clientId": {"$oid": "6977468c2edacccc4863c1df"}, "serverHost": "localhost", "serverPort": 27017}
2026-01-26 16:19:49,453 [DEBUG] {"message": "Connection checkout started", "clientId": {"$oid": "6977468c2edacccc4863c1df"}, "serverHost": "localhost", "serverPort": 27017}
2026-01-26 16:19:49,453 [DEBUG] {"message": "Connection checked out", "clientId": {"$oid": "6977468c2edacccc4863c1df"}, "serverHost": "localhost", "serverPort": 27017, "driverConnectionId": 1, "durationMS": 0.0}
2026-01-26 16:19:49,453 [DEBUG] {"message": "Command started", "clientId": {"$oid": "6977468c2edacccc4863c1df"}, "command": "{\"find\": \"doctors\", \"filter\": {\"doctor_id\": \"DR123\"}, \"limit\": 1, \"singleBatch\": true, \"lsid\": {\"id\": {\"$binary\": {\"base64\": \"2RyijnAfSJ2lZbXdns8/OA==\", \"subType\": \"04\"}}}, \"$db\": \"medicloud\"}", "commandName": "find", "databaseName": "medicloud", "requestId": 18467, "operationId": 18467, "driverConnectionId": 1, "serverConnectionId": 323, "serverHost": "localhost", "serverPort": 27017}
2026-01-26 16:19:49,454 [DEBUG] {"message": "Command succeeded", "clientId": {"$oid": "6977468c2edacccc4863c1df"}, "durationMS": 0.99, "reply": "{\"cursor\": {\"ns\": \"medicloud.doctors\"}, \"ok\": 1.0}", "commandName": "find", "databaseName": "medicloud", "requestId": 18467, "operationId": 18467, "driverConnectionId": 1, "serverConnectionId": 323, "serverHost": "localhost", "serverPort": 27017}
2026-01-26 16:19:49,454 [DEBUG] {"message": "Connection checked in", "clientId": {"$oid": "6977468c2edacccc4863c1df"}, "serverHost": "localhost", "serverPort": 27017, "driverConnectionId": 1}
2026-01-26 16:19:49,455 [DEBUG] Doctor or signature not found in DB
2026-01-26 16:19:49,455 [INFO] Verification result: FAILED (37)
2026-01-26 16:19:49,455 [INFO] 127.0.0.1 - - [26/Jan/2026 16:19:49] "POST /api/verify-prescription HTTP/1.1" 200 -
2026-01-26 16:19:55,190 [DEBUG] {"message": "Server heartbeat succeeded", "topologyId": {"$oid": "6977468c2edacccc4863c1df"}, "driverConnectionId": 1, "serverConnectionId": 321, "serverHost": "localhost", "serverPort": 27017, "awaited": true, "durationMS": 10000.0, "reply": "{\"isWritablePrimary\": true, \"topologyVersion\": {\"processId\": {\"$oid\": \"6939a8eddce969134615ce70\"}}, \"maxBsonObjectSize\": 16777216, \"maxMessageSizeBytes\": 48000000, \"maxWriteBatchSize\": 100000, \"localTime\": {\"$date\": \"2026-01-26T10:49:55.190Z\"}, \"logicalSessionTimeoutMinutes\": 30, \"connectionId\": 321, \"maxWireVersion\": 25, \"ok\": 1.0}"}
2026-01-26 16:19:55,190 [DEBUG] {"message": "Server heartbeat started", "topologyId": {"$oid": "6977468c2edacccc4863c1df"}, "driverConnectionId": 1, "serverConnectionId": 321, "serverHost": "localhost", "serverPort": 27017, "awaited": true}
2026-01-26 16:20:05,191 [DEBUG] {"message": "Server heartbeat succeeded", "topologyId": {"$oid": "6977468c2edacccc4863c1df"}, "driverConnectionId": 1, "serverConnectionId": 321, "serverHost": "localhost", "serverPort": 27017, "awaited": true, "durationMS": 10000.0, "reply": "{\"isWritablePrimary\": true, \"topologyVersion\": {\"processId\": {\"$oid\": \"6939a8eddce969134615ce70\"}}, \"maxBsonObjectSize\": 16777216, \"maxMessageSizeBytes\": 48000000, \"maxWriteBatchSize\": 100000, \"localTime\": {\"$date\": \"2026-01-26T10:50:05.191Z\"}, \"logicalSessionTimeoutMinutes\": 30, \"connectionId\": 321, \"maxWireVersion\": 25, \"ok\": 1.0}"}
2026-01-26 16:20:05,191 [DEBUG] {"message": "Server heartbeat started", "topologyId": {"$oid": "6977468c2edacccc4863c1df"}, "driverConnectionId": 1, "serverConnectionId": 321, "serverHost": "localhost", "serverPort": 27017, "awaited": true}
2026-01-26 16:20:15,194 [DEBUG] {"message": "Server heartbeat succeeded", "topologyId": {"$oid": "6977468c2edacccc4863c1df"}, "driverConnectionId": 1, "serverConnectionId": 321, "serverHost": "localhost", "serverPort": 27017, "awaited": true, "durationMS": 10000.0, "reply": "{\"isWritablePrimary\": true, \"topologyVersion\": {\"processId\": {\"$oid\": \"6939a8eddce969134615ce70\"}}, \"maxBsonObjectSize\": 16777216, \"maxMessageSizeBytes\": 48000000, \"maxWriteBatchSize\": 100000, \"localTime\": {\"$date\": \"2026-01-26T10:50:15.192Z\"}, \"logicalSessionTimeoutMinutes\": 30, \"connectionId\": 321, \"maxWireVersion\": 25, \"ok\": 1.0}"}
2026-01-26 16:20:15,196 [DEBUG] {"message": "Server heartbeat started", "topologyId": {"$oid": "6977468c2edacccc4863c1df"}, "driverConnectionId": 1, "serverConnectionId": 321, "serverHost": "localhost", "serverPort": 27017, "awaited": true}
2026-01-26 16:20:25,200 [DEBUG] {"message": "Server heartbeat succeeded", "topologyId": {"$oid": "6977468c2edacccc4863c1df"}, "driverConnectionId": 1, "serverConnectionId": 321, "serverHost": "localhost", "serverPort": 27017, "awaited": true, "durationMS": 10000.0, "reply": "{\"isWritablePrimary\": true, \"topologyVersion\": {\"processId\": {\"$oid\": \"6939a8eddce969134615ce70\"}}, \"maxBsonObjectSize\": 16777216, \"maxMessageSizeBytes\": 48000000, \"maxWriteBatchSize\": 100000, \"localTime\": {\"$date\": \"2026-01-26T10:50:25.199Z\"}, \"logicalSessionTimeoutMinutes\": 30, \"connectionId\": 321, \"maxWireVersion\": 25, \"ok\": 1.0}"}
2026-01-26 16:20:25,201 [DEBUG] {"message": "Server heartbeat started", "topologyId": {"$oid": "6977468c2edacccc4863c1df"}, "driverConnectionId": 1, "serverConnectionId": 321, "serverHost": "localhost", "serverPort": 27017, "awaited": true}
2026-01-26 16:20:35,208 [DEBUG] {"message": "Server heartbeat succeeded", "topologyId": {"$oid": "6977468c2edacccc4863c1df"}, "driverConnectionId": 1, "serverConnectionId": 321, "serverHost": "localhost", "serverPort": 27017, "awaited": true, "durationMS": 10015.000000130385, "reply": "{\"isWritablePrimary\": true, \"topologyVersion\": {\"processId\": {\"$oid\": \"6939a8eddce969134615ce70\"}}, \"maxBsonObjectSize\": 16777216, \"maxMessageSizeBytes\": 48000000, \"maxWriteBatchSize\": 100000, \"localTime\": {\"$date\": \"2026-01-26T10:50:35.208Z\"}, \"logicalSessionTimeoutMinutes\": 30, \"connectionId\": 321, \"maxWireVersion\": 25, \"ok\": 1.0}"}
2026-01-26 16:20:35,208 [DEBUG] {"message": "Server heartbeat started", "topologyId": {"$oid": "6977468c2edacccc4863c1df"}, "driverConnectionId": 1, "serverConnectionId": 321, "serverHost": "localhost", "serverPort": 27017, "awaited": true}
2026-01-26 16:20:45,209 [DEBUG] {"message": "Server heartbeat succeeded", "topologyId": {"$oid": "6977468c2edacccc4863c1df"}, "driverConnectionId": 1, "serverConnectionId": 321, "serverHost": "localhost", "serverPort": 27017, "awaited": true, "durationMS": 10000.0, "reply": "{\"isWritablePrimary\": true, \"topologyVersion\": {\"processId\": {\"$oid\": \"6939a8eddce969134615ce70\"}}, \"maxBsonObjectSize\": 16777216, \"maxMessageSizeBytes\": 48000000, \"maxWriteBatchSize\": 100000, \"localTime\": {\"$date\": \"2026-01-26T10:50:45.210Z\"}, \"logicalSessionTimeoutMinutes\": 30, \"connectionId\": 321, \"maxWireVersion\": 25, \"ok\": 1.0}"}
2026-01-26 16:20:45,209 [DEBUG] {"message": "Server heartbeat started", "topologyId": {"$oid": "6977468c2edacccc4863c1df"}, "driverConnectionId": 1, "serverConnectionId": 321, "serverHost": "localhost", "serverPort": 27017, "awaited": true}
2026-01-26 16:20:55,210 [DEBUG] {"message": "Server heartbeat succeeded", "topologyId": {"$oid": "6977468c2edacccc4863c1df"}, "driverConnectionId": 1, "serverConnectionId": 321, "serverHost": "localhost", "serverPort": 27017, "awaited": true, "durationMS": 10000.0, "reply": "{\"isWritablePrimary\": true, \"topologyVersion\": {\"processId\": {\"$oid\": \"6939a8eddce969134615ce70\"}}, \"maxBsonObjectSize\": 16777216, \"maxMessageSizeBytes\": 48000000, \"maxWriteBatchSize\": 100000, \"localTime\": {\"$date\": \"2026-01-26T10:50:55.211Z\"}, \"logicalSessionTimeoutMinutes\": 30, \"connectionId\": 321, \"maxWireVersion\": 25, \"ok\": 1.0}"}
2026-01-26 16:20:55,211 [DEBUG] {"message": "Server heartbeat started", "topologyId": {"$oid": "6977468c2edacccc4863c1df"}, "driverConnectionId": 1, "serverConnectionId": 321, "serverHost": "localhost", "serverPort": 27017, "awaited": true}
2026-01-26 16:21:05,213 [DEBUG] {"message": "Server heartbeat succeeded", "topologyId": {"$oid": "6977468c2edacccc4863c1df"}, "driverConnectionId": 1, "serverConnectionId": 321, "serverHost": "localhost", "serverPort": 27017, "awaited": true, "durationMS": 10000.0, "reply": "{\"isWritablePrimary\": true, \"topologyVersion\": {\"processId\": {\"$oid\": \"6939a8eddce969134615ce70\"}}, \"maxBsonObjectSize\": 16777216, \"maxMessageSizeBytes\": 48000000, \"maxWriteBatchSize\": 100000, \"localTime\": {\"$date\": \"2026-01-26T10:51:05.213Z\"}, \"logicalSessionTimeoutMinutes\": 30, \"connectionId\": 321, \"maxWireVersion\": 25, \"ok\": 1.0}"}
2026-01-26 16:21:05,214 [DEBUG] {"message": "Server heartbeat started", "topologyId": {"$oid": "6977468c2edacccc4863c1df"}, "driverConnectionId": 1, "serverConnectionId": 321, "serverHost": "localhost", "serverPort": 27017, "awaited": true}
2026-01-26 16:21:15,214 [DEBUG] {"message": "Server heartbeat succeeded", "topologyId": {"$oid": "6977468c2edacccc4863c1df"}, "driverConnectionId": 1, "serverConnectionId": 321, "serverHost": "localhost", "serverPort": 27017, "awaited": true, "durationMS": 10000.0, "reply": "{\"isWritablePrimary\": true, \"topologyVersion\": {\"processId\": {\"$oid\": \"6939a8eddce969134615ce70\"}}, \"maxBsonObjectSize\": 16777216, \"maxMessageSizeBytes\": 48000000, \"maxWriteBatchSize\": 100000, \"localTime\": {\"$date\": \"2026-01-26T10:51:15.214Z\"}, \"logicalSessionTimeoutMinutes\": 30, \"connectionId\": 321, \"maxWireVersion\": 25, \"ok\": 1.0}"}
2026-01-26 16:21:15,214 [DEBUG] {"message": "Server heartbeat started", "topologyId": {"$oid": "6977468c2edacccc4863c1df"}, "driverConnectionId": 1, "serverConnectionId": 321, "serverHost": "localhost", "serverPort": 27017, "awaited": true}
2026-01-26 16:21:24,412 [DEBUG] {"message": "Server heartbeat failed", "topologyId": {"$oid": "6977468c2edacccc4863c1df"}, "serverHost": "localhost", "serverPort": 27017, "awaited": true, "durationMS": 9202.99999974668, "failure": "\"_OperationCancelled('operation cancelled')\"", "driverConnectionId": 1}
2026-01-26 16:24:01,652 | WARNING | Using CPU. Note: This module is much faster with a GPU.
2026-01-26 16:24:07,025 | INFO | [31m[1mWARNING: This is a development server. Do not use it in a production deployment. Use a production WSGI server instead.[0m
 * Running on all addresses (0.0.0.0)
 * Running on http://127.0.0.1:6000
 * Running on http://192.168.1.7:6000
2026-01-26 16:24:07,026 | INFO | [33mPress CTRL+C to quit[0m
2026-01-26 16:24:07,029 | INFO |  * Restarting with stat
2026-01-26 16:24:22,978 | WARNING | Using CPU. Note: This module is much faster with a GPU.
2026-01-26 16:24:26,677 | WARNING |  * Debugger is active!
2026-01-26 16:24:26,687 | INFO |  * Debugger PIN: 137-241-189
2026-01-26 16:24:49,044 | WARNING | Doctor signature not found in DB
2026-01-26 16:24:49,405 | INFO | Verification complete | Score: 70.0 | Status: PARTIAL
2026-01-26 16:24:49,407 | INFO | 127.0.0.1 - - [26/Jan/2026 16:24:49] "POST /api/verify-prescription HTTP/1.1" 200 -
2026-01-26 16:33:59,660 | INFO |  * Detected change in 'C:\\Users\\batul\\OneDrive\\Desktop\\MediCloud\\ai_module\\ai_verification.py', reloading
2026-01-26 16:34:10,534 | INFO |  * Restarting with stat
2026-01-26 16:34:23,462 | WARNING | Using CPU. Note: This module is much faster with a GPU.
2026-01-26 16:34:33,123 | WARNING |  * Debugger is active!
2026-01-26 16:34:33,135 | INFO |  * Debugger PIN: 137-241-189
2026-01-26 16:34:55,807 | WARNING | Doctor not found in DB
2026-01-26 16:34:56,017 | INFO | Verification complete | Score: 70.0 | Status: PARTIAL
2026-01-26 16:34:56,033 | INFO | 127.0.0.1 - - [26/Jan/2026 16:34:56] "POST /api/verify-prescription HTTP/1.1" 200 -
2026-01-26 16:37:30,079 | INFO |  * Detected change in 'C:\\Users\\batul\\OneDrive\\Desktop\\MediCloud\\ai_module\\ai_verification.py', reloading
2026-01-26 16:37:33,889 | INFO |  * Restarting with stat
2026-01-26 16:37:44,876 | WARNING | Using CPU. Note: This module is much faster with a GPU.
2026-01-26 16:37:49,359 | WARNING |  * Debugger is active!
2026-01-26 16:37:49,373 | INFO |  * Debugger PIN: 137-241-189
2026-01-26 16:38:03,069 | INFO | Searching doctor with license: DR123
2026-01-26 16:38:03,075 | WARNING | Doctor not found in DB
2026-01-26 16:38:03,283 | INFO | Verification complete | Score: 70.0 | Status: PARTIAL
2026-01-26 16:38:03,296 | INFO | 127.0.0.1 - - [26/Jan/2026 16:38:03] "POST /api/verify-prescription HTTP/1.1" 200 -
2026-01-26 17:02:11,272 | INFO |  * Detected change in 'C:\\Users\\batul\\OneDrive\\Desktop\\MediCloud\\ai_module\\ai_verification.py', reloading
2026-01-26 17:02:16,368 | INFO |  * Restarting with stat
2026-01-26 17:02:48,648 | WARNING | Using CPU. Note: This module is much faster with a GPU.
2026-01-26 17:02:58,555 | WARNING |  * Debugger is active!
2026-01-26 17:02:58,574 | INFO |  * Debugger PIN: 137-241-189
2026-01-26 17:03:26,527 | INFO | OCR extracted license: RegNo
2026-01-26 17:03:26,582 | INFO | Searching doctor with license: RegNo
2026-01-26 17:03:26,635 | WARNING | Doctor not found in DB
2026-01-26 17:03:26,961 | INFO | Verification complete | Score: 55.0 | Status: PARTIAL
2026-01-26 17:03:27,018 | INFO | 127.0.0.1 - - [26/Jan/2026 17:03:27] "POST /api/verify-prescription HTTP/1.1" 200 -
2026-01-26 17:04:18,095 | INFO |  * Detected change in 'C:\\Users\\batul\\OneDrive\\Desktop\\MediCloud\\ai_module\\ai_verification.py', reloading
2026-01-26 17:04:23,194 | INFO |  * Restarting with stat
2026-01-26 17:04:39,045 | WARNING | Using CPU. Note: This module is much faster with a GPU.
2026-01-26 17:04:45,591 | WARNING |  * Debugger is active!
2026-01-26 17:04:45,607 | INFO |  * Debugger PIN: 137-241-189
2026-01-26 18:10:11,553 | INFO | Searching doctor with license: DR123
2026-01-26 18:10:11,618 | WARNING | Doctor not found in DB
2026-01-26 18:10:11,998 | INFO | Verification complete | Score: 70.0 | Status: PARTIAL
2026-01-26 18:10:12,040 | INFO | 127.0.0.1 - - [26/Jan/2026 18:10:12] "POST /api/verify-prescription HTTP/1.1" 200 -
2026-01-26 18:19:51,505 | INFO | Searching doctor with license: DR123
2026-01-26 18:19:51,534 | WARNING | Doctor not found in DB
2026-01-26 18:19:51,800 | INFO | Verification complete | Score: 70.0 | Status: PARTIAL
2026-01-26 18:19:51,834 | INFO | 127.0.0.1 - - [26/Jan/2026 18:19:51] "POST /api/verify-prescription HTTP/1.1" 200 -
2026-02-15 14:43:15,088 | WARNING | Using CPU. Note: This module is much faster with a GPU.
2026-02-15 14:43:26,614 | INFO | [31m[1mWARNING: This is a development server. Do not use it in a production deployment. Use a production WSGI server instead.[0m
 * Running on all addresses (0.0.0.0)
 * Running on http://127.0.0.1:6000
 * Running on http://192.168.1.2:6000
2026-02-15 14:43:26,616 | INFO | [33mPress CTRL+C to quit[0m
2026-02-15 14:43:26,619 | INFO |  * Restarting with stat
2026-02-15 14:43:37,206 | WARNING | Using CPU. Note: This module is much faster with a GPU.
2026-02-15 14:43:42,184 | WARNING |  * Debugger is active!
2026-02-15 14:43:42,201 | INFO |  * Debugger PIN: 137-241-189
2026-02-15 14:45:58,703 | INFO | Searching doctor with license: DR123
2026-02-15 14:45:58,742 | WARNING | Doctor not found in DB
2026-02-15 14:45:58,975 | INFO | Verification complete | Score: 70.0 | Status: PARTIAL
2026-02-15 14:45:59,004 | INFO | 127.0.0.1 - - [15/Feb/2026 14:45:59] "POST /api/verify-prescription HTTP/1.1" 200 -
2026-02-15 15:21:40,923 | INFO |  * Detected change in 'C:\\Users\\batul\\OneDrive\\Desktop\\MediCloud\\ai_module\\disease_prediction\\ai_summary_service.py', reloading
